  stdafx.cpp
  adler32.c
  compress.c
  crc32.c
  deflate.c
  gzclose.c
  gzlib.c
  gzread.c
C:\projects\rob\flightsim\MizEdit\MizEdit\zlib-1.2.11\gzread.c(319,20): warning C4267: '=': conversion from 'size_t' to 'unsigned int', possible loss of data
C:\projects\rob\flightsim\MizEdit\MizEdit\zlib-1.2.11\gzread.c(400,35): warning C4267: '=': conversion from 'size_t' to 'unsigned int', possible loss of data
C:\projects\rob\flightsim\MizEdit\MizEdit\zlib-1.2.11\gzread.c(472,33): warning C4267: '=': conversion from 'size_t' to 'int', possible loss of data
  gzwrite.c
C:\projects\rob\flightsim\MizEdit\MizEdit\zlib-1.2.11\gzwrite.c(212,27): warning C4267: '=': conversion from 'size_t' to 'unsigned int', possible loss of data
C:\projects\rob\flightsim\MizEdit\MizEdit\zlib-1.2.11\gzwrite.c(232,24): warning C4267: '=': conversion from 'size_t' to 'unsigned int', possible loss of data
C:\projects\rob\flightsim\MizEdit\MizEdit\zlib-1.2.11\gzwrite.c(371,36): warning C4267: '=': conversion from 'size_t' to 'int', possible loss of data
  infback.c
  inffast.c
  inflate.c
  inftrees.c
  trees.c
  uncompr.c
  zutil.c
  zlibStatic.vcxproj -> C:\projects\rob\flightsim\MizEdit\MizEdit\zlib-1.2.11\zlibStatic\x64\Release\zlibStatic.lib
